<?xml version="1.0" encoding="UTF-8"?>
<!-- Generated by org.testng.reporters.JUnitReportReporter -->
<testsuite skipped="0" hostname="DHEERAJ" name="Rest_Assured.Rest_Assured.POSTRequest" tests="1" failures="0" timestamp="28 Jun 2023 08:24:04 GMT" time="2.316" errors="0">
  <testcase name="postrequest" time="2.316" classname="Rest_Assured.Rest_Assured.POSTRequest"/>
</testsuite> <!-- Rest_Assured.Rest_Assured.POSTRequest -->
