<?xml version="1.0" encoding="UTF-8"?>
<!-- Generated by org.testng.reporters.JUnitReportReporter -->
<testsuite skipped="0" hostname="DHEERAJ" name="Rest_Assured.Rest_Assured.DeleteRequest" tests="1" failures="0" timestamp="28 Aug 2022 19:46:38 GMT" time="2.196" errors="0">
  <testcase name="deleterequest" time="2.196" classname="Rest_Assured.Rest_Assured.DeleteRequest"/>
</testsuite> <!-- Rest_Assured.Rest_Assured.DeleteRequest -->
