<?xml version="1.0" encoding="UTF-8"?>
<!-- Generated by org.testng.reporters.JUnitReportReporter -->
<testsuite skipped="0" hostname="DHEERAJ" name="Rest_Assured.Rest_Assured.ParamValidation" tests="1" failures="0" timestamp="28 Aug 2022 20:37:52 GMT" time="2.212" errors="0">
  <testcase name="paramValidation" time="2.212" classname="Rest_Assured.Rest_Assured.ParamValidation"/>
</testsuite> <!-- Rest_Assured.Rest_Assured.ParamValidation -->
