<?xml version="1.0" encoding="UTF-8"?>
<!-- Generated by org.testng.reporters.JUnitReportReporter -->
<testsuite skipped="0" hostname="DHEERAJ" name="Rest_Assured.Rest_Assured.JsonSchemaTest" tests="1" failures="0" timestamp="06 Sep 2022 19:48:45 GMT" time="2.758" errors="0">
  <testcase name="jsonschemavalidate" time="2.758" classname="Rest_Assured.Rest_Assured.JsonSchemaTest"/>
</testsuite> <!-- Rest_Assured.Rest_Assured.JsonSchemaTest -->
