<?xml version="1.0" encoding="UTF-8"?>
<!-- Generated by org.testng.reporters.JUnitReportReporter -->
<testsuite skipped="0" hostname="DHEERAJ" name="Rest_Assured.Rest_Assured.PUTRequest" tests="1" failures="0" timestamp="28 Aug 2022 19:27:25 GMT" time="2.198" errors="0">
  <testcase name="putrequest" time="2.198" classname="Rest_Assured.Rest_Assured.PUTRequest"/>
</testsuite> <!-- Rest_Assured.Rest_Assured.PUTRequest -->
