<?xml version="1.0" encoding="UTF-8"?>
<!-- Generated by org.testng.reporters.JUnitReportReporter -->
<testsuite skipped="0" hostname="DHEERAJ" name="Rest_Assured.Rest_Assured.Validation_XML" tests="5" failures="0" timestamp="29 Aug 2022 19:00:24 GMT" time="16.355" errors="0">
  <testcase name="SinglexmlValidation" time="13.004" classname="Rest_Assured.Rest_Assured.Validation_XML"/>
  <testcase name="multiplexmlValidation" time="0.347" classname="Rest_Assured.Rest_Assured.Validation_XML"/>
  <testcase name="multiplexmlValidationinOneGo" time="1.291" classname="Rest_Assured.Rest_Assured.Validation_XML"/>
  <testcase name="xmlValidationinxpath" time="1.396" classname="Rest_Assured.Rest_Assured.Validation_XML"/>
  <testcase name="xmlValidationinxpath2" time="0.317" classname="Rest_Assured.Rest_Assured.Validation_XML"/>
</testsuite> <!-- Rest_Assured.Rest_Assured.Validation_XML -->
