<?xml version="1.0" encoding="UTF-8"?>
<!-- Generated by org.testng.reporters.JUnitReportReporter -->
<testsuite skipped="0" hostname="DHEERAJ" name="Rest_Assured.Rest_Assured.BasicValidation" tests="3" failures="0" timestamp="28 Jun 2023 08:31:53 GMT" time="3.149" errors="0">
  <testcase name="responsemultipleValidation" time="0.169" classname="Rest_Assured.Rest_Assured.BasicValidation"/>
  <testcase name="basicValidation" time="2.385" classname="Rest_Assured.Rest_Assured.BasicValidation"/>
  <testcase name="respnseValidation" time="0.595" classname="Rest_Assured.Rest_Assured.BasicValidation"/>
</testsuite> <!-- Rest_Assured.Rest_Assured.BasicValidation -->
